-------------------------------------------------------------------------------
Test set: cn.dev.youngsmith.stockanalysis.StockParserTest
-------------------------------------------------------------------------------
Tests run: 1, Failures: 1, Errors: 0, Skipped: 0, Time elapsed: 0.779 sec <<< FAILURE!
cn.dev.youngsmith.stockanalysis.StockParserTest.testParser()  Time elapsed: 0.778 sec  <<< FAILURE!
java.lang.NoClassDefFoundError: org/junit/Assert
	at cn.dev.youngsmith.stockanalysis.StockParserTest.testParser(StockParserTest.java:55)
Caused by: java.lang.ClassNotFoundException: org.junit.Assert
	at java.net.URLClassLoader$1.run(URLClassLoader.java:366)
	at java.net.URLClassLoader$1.run(URLClassLoader.java:355)
	at java.security.AccessController.doPrivileged(Native Method)
	at java.net.URLClassLoader.findClass(URLClassLoader.java:354)
	at java.lang.ClassLoader.loadClass(ClassLoader.java:425)
	at sun.misc.Launcher$AppClassLoader.loadClass(Launcher.java:308)
	at java.lang.ClassLoader.loadClass(ClassLoader.java:358)
	... 19 more

